%% [Tue Jul 15 13:44:08 2014] GET /myapple.pl HTTP/1.1
%% 404 /z/dr/superiordentist/us1/myapple.pl
%error
script not found or unable to stat
%% [Thu Jan  7 03:38:27 2016] GET /test.cgi HTTP/1.1
%% 404 /z/dr/superiordentist/us1/test.cgi
%error
script not found or unable to stat
%% [Wed Feb 17 19:32:24 2016] GET /bin.cgi HTTP/1.1
%% 404 /z/dr/superiordentist/us1/bin.cgi
%error
script not found or unable to stat
%% [Thu Feb 18 18:14:46 2016] GET /bin.cgi HTTP/1.1
%% 404 /z/dr/superiordentist/us1/bin.cgi
%error
script not found or unable to stat
%% [Fri Feb 19 00:57:59 2016] GET /bin.cgi HTTP/1.1
%% 404 /z/dr/superiordentist/us1/bin.cgi
%error
script not found or unable to stat
%% [Tue Mar  1 16:39:29 2016] GET /admin.cgi HTTP/1.1
%% 404 /z/dr/superiordentist/us1/admin.cgi
%error
script not found or unable to stat
[18-Apr-2016 09:06:37] PHP Fatal error:  Call to undefined function FeedForAll_scripts_readFile() in /Bowie-Dentists/blog.php on line 772
[18-Apr-2016 16:50:48] PHP Fatal error:  Call to undefined function FeedForAll_scripts_readFile() in /Bowie-Dentists/blog.php on line 772
[19-Apr-2016 01:42:47] PHP Fatal error:  Call to undefined function FeedForAll_scripts_readFile() in /Dentist-Bowie-MD/blog.php on line 772
[19-Apr-2016 17:06:44] PHP Fatal error:  Call to undefined function FeedForAll_scripts_readFile() in /Bowie-Dentists/blog.php on line 772
[21-Apr-2016 07:28:17] PHP Fatal error:  Call to undefined function FeedForAll_scripts_readFile() in /Dentist-Bowie-MD/blog.php on line 772
[21-Apr-2016 23:14:20] PHP Fatal error:  Call to undefined function FeedForAll_scripts_readFile() in /Dentist-Bowie-MD/blog.php on line 772
[21-Apr-2016 23:14:23] PHP Fatal error:  Call to undefined function FeedForAll_scripts_readFile() in /Bowie-Dentists/blog.php on line 772
[23-Apr-2016 01:01:52] PHP Fatal error:  Call to undefined function FeedForAll_scripts_readFile() in /Dentist-Bowie-MD/blog.php on line 772
[23-Apr-2016 08:42:28] PHP Fatal error:  Call to undefined function FeedForAll_scripts_readFile() in /Dentist-Bowie-MD/blog.php on line 772
[23-Apr-2016 08:43:32] PHP Fatal error:  Call to undefined function FeedForAll_scripts_readFile() in /Bowie-Dentists/blog.php on line 772
[24-Apr-2016 18:10:05] PHP Fatal error:  Call to undefined function FeedForAll_scripts_readFile() in /Dentist-Bowie-MD/blog.php on line 772
[26-Apr-2016 10:30:50] PHP Fatal error:  Call to undefined function FeedForAll_scripts_readFile() in /Dentist-Bowie-MD/blog.php on line 772
[26-Apr-2016 10:31:30] PHP Fatal error:  Call to undefined function FeedForAll_scripts_readFile() in /Bowie-Dentists/blog.php on line 772
[26-Apr-2016 11:42:18] PHP Fatal error:  Call to undefined function FeedForAll_scripts_readFile() in /Dentist-Bowie-MD/blog.php on line 772
[26-Apr-2016 13:21:44] PHP Fatal error:  Call to undefined function FeedForAll_scripts_readFile() in /Bowie-Dentists/blog.php on line 772
[27-Apr-2016 20:18:17] PHP Fatal error:  Call to undefined function FeedForAll_scripts_readFile() in /Dentist-Bowie-MD/blog.php on line 772
[28-Apr-2016 03:08:07] PHP Fatal error:  Call to undefined function FeedForAll_scripts_readFile() in /Bowie-Dentists/blog.php on line 772
[28-Apr-2016 08:56:29] PHP Fatal error:  Call to undefined function FeedForAll_scripts_readFile() in /Dentist-Bowie-MD/blog.php on line 772
[29-Apr-2016 08:07:35] PHP Fatal error:  Call to undefined function FeedForAll_scripts_readFile() in /Dentist-Bowie-MD/blog.php on line 772
[29-Apr-2016 12:18:52] PHP Fatal error:  Call to undefined function FeedForAll_scripts_readFile() in /Dentist-Bowie-MD/blog.php on line 772
[01-May-2016 13:34:47] PHP Fatal error:  Call to undefined function FeedForAll_scripts_readFile() in /Dentist-Bowie-MD/blog.php on line 772
[03-May-2016 14:55:59] PHP Fatal error:  Call to undefined function FeedForAll_scripts_readFile() in /Dentist-Bowie-MD/blog.php on line 772
[03-May-2016 14:56:37] PHP Fatal error:  Call to undefined function FeedForAll_scripts_readFile() in /Bowie-Dentists/blog.php on line 772
[03-May-2016 16:03:18] PHP Fatal error:  Call to undefined function FeedForAll_scripts_readFile() in /Dentist-Bowie-MD/blog.php on line 772
[05-May-2016 09:09:38] PHP Fatal error:  Call to undefined function FeedForAll_scripts_readFile() in /Bowie-Dentists/blog.php on line 772
[05-May-2016 19:47:52] PHP Fatal error:  Call to undefined function FeedForAll_scripts_readFile() in /Dentist-Bowie-MD/blog.php on line 772
[05-May-2016 19:47:55] PHP Fatal error:  Call to undefined function FeedForAll_scripts_readFile() in /Bowie-Dentists/blog.php on line 772
[05-May-2016 21:31:31] PHP Fatal error:  Call to undefined function FeedForAll_scripts_readFile() in /Dentist-Bowie-MD/blog.php on line 772
[05-May-2016 21:31:39] PHP Fatal error:  Call to undefined function FeedForAll_scripts_readFile() in /Bowie-Dentists/blog.php on line 772
[06-May-2016 16:30:18] PHP Fatal error:  Call to undefined function FeedForAll_scripts_readFile() in /Dentist-Bowie-MD/blog.php on line 772
[06-May-2016 16:30:18] PHP Fatal error:  Call to undefined function FeedForAll_scripts_readFile() in /Dentist-Bowie-MD/blog.php on line 772
[06-May-2016 17:21:53] PHP Fatal error:  Call to undefined function FeedForAll_scripts_readFile() in /Dentist-Bowie-MD/blog.php on line 772
[07-May-2016 18:23:29] PHP Fatal error:  Call to undefined function FeedForAll_scripts_readFile() in /Dentist-Bowie-MD/blog.php on line 772
[08-May-2016 07:32:07] PHP Fatal error:  Call to undefined function FeedForAll_scripts_readFile() in /Bowie-Dentists/blog.php on line 772
[09-May-2016 06:08:43] PHP Fatal error:  Call to undefined function FeedForAll_scripts_readFile() in /Bowie-Dentists/blog.php on line 772
[10-May-2016 10:14:11] PHP Fatal error:  Call to undefined function FeedForAll_scripts_readFile() in /Dentist-Bowie-MD/blog.php on line 772
[12-May-2016 07:53:12] PHP Fatal error:  Call to undefined function FeedForAll_scripts_readFile() in /Dentist-Bowie-MD/blog.php on line 772
[12-May-2016 07:53:47] PHP Fatal error:  Call to undefined function FeedForAll_scripts_readFile() in /Bowie-Dentists/blog.php on line 772
[12-May-2016 17:01:55] PHP Fatal error:  Call to undefined function FeedForAll_scripts_readFile() in /Bowie-Dentists/blog.php on line 772
[13-May-2016 06:51:29] PHP Fatal error:  Call to undefined function FeedForAll_scripts_readFile() in /Bowie-Dentists/blog.php on line 772
[13-May-2016 07:01:53] PHP Fatal error:  Call to undefined function FeedForAll_scripts_readFile() in /Dentist-Bowie-MD/blog.php on line 772
[15-May-2016 07:18:54] PHP Fatal error:  Call to undefined function FeedForAll_scripts_readFile() in /Dentist-Bowie-MD/blog.php on line 772
[15-May-2016 11:33:32] PHP Fatal error:  Call to undefined function FeedForAll_scripts_readFile() in /Bowie-Dentists/blog.php on line 772
[15-May-2016 11:33:38] PHP Fatal error:  Call to undefined function FeedForAll_scripts_readFile() in /Dentist-Bowie-MD/blog.php on line 772
[15-May-2016 12:33:40] PHP Fatal error:  Call to undefined function FeedForAll_scripts_readFile() in /Bowie-Dentists/blog.php on line 772
[15-May-2016 12:45:09] PHP Fatal error:  Call to undefined function FeedForAll_scripts_readFile() in /Dentist-Bowie-MD/blog.php on line 772
[16-May-2016 11:04:31] PHP Fatal error:  Call to undefined function FeedForAll_scripts_readFile() in /Dentist-Bowie-MD/blog.php on line 772
[16-May-2016 16:48:28] PHP Fatal error:  Call to undefined function FeedForAll_scripts_readFile() in /Dentist-Bowie-MD/blog.php on line 772
[16-May-2016 22:09:26] PHP Fatal error:  Call to undefined function FeedForAll_scripts_readFile() in /Dentist-Bowie-MD/blog.php on line 772
[16-May-2016 22:09:29] PHP Fatal error:  Call to undefined function FeedForAll_scripts_readFile() in /Bowie-Dentists/blog.php on line 772
[16-May-2016 22:11:49] PHP Fatal error:  Call to undefined function FeedForAll_scripts_readFile() in /Dentist-Bowie-MD/blog.php on line 772
[16-May-2016 22:11:50] PHP Fatal error:  Call to undefined function FeedForAll_scripts_readFile() in /Bowie-Dentists/blog.php on line 772
[16-May-2016 22:14:07] PHP Fatal error:  Call to undefined function FeedForAll_scripts_readFile() in /Dentist-Bowie-MD/blog.php on line 772
[16-May-2016 23:47:37] PHP Fatal error:  Call to undefined function FeedForAll_scripts_readFile() in /Dentist-Bowie-MD/blog.php on line 772
[17-May-2016 09:01:55] PHP Fatal error:  Call to undefined function FeedForAll_scripts_readFile() in /Dentist-Bowie-MD/blog.php on line 772
[18-May-2016 10:47:23] PHP Fatal error:  Call to undefined function FeedForAll_scripts_readFile() in /Bowie-Dentists/blog.php on line 772
[18-May-2016 16:22:21] PHP Fatal error:  Call to undefined function FeedForAll_scripts_readFile() in /Dentist-Bowie-MD/blog.php on line 772
[18-May-2016 16:24:23] PHP Fatal error:  Call to undefined function FeedForAll_scripts_readFile() in /Bowie-Dentists/blog.php on line 772
[20-May-2016 05:33:22] PHP Fatal error:  Call to undefined function FeedForAll_scripts_readFile() in /Dentist-Bowie-MD/blog.php on line 772
[20-May-2016 05:33:24] PHP Fatal error:  Call to undefined function FeedForAll_scripts_readFile() in /Bowie-Dentists/blog.php on line 772
[20-May-2016 16:50:30] PHP Fatal error:  Call to undefined function FeedForAll_scripts_readFile() in /Dentist-Bowie-MD/blog.php on line 772
[20-May-2016 16:50:31] PHP Fatal error:  Call to undefined function FeedForAll_scripts_readFile() in /Bowie-Dentists/blog.php on line 772
[21-May-2016 01:53:01] PHP Fatal error:  Call to undefined function FeedForAll_scripts_readFile() in /Dentist-Bowie-MD/blog.php on line 772
[26-May-2016 14:01:15] PHP Fatal error:  Call to undefined function FeedForAll_scripts_readFile() in /Dentist-Bowie-MD/blog.php on line 772
[26-May-2016 16:45:02] PHP Fatal error:  Call to undefined function FeedForAll_scripts_readFile() in /Dentist-Bowie-MD/blog.php on line 772
[26-May-2016 16:46:29] PHP Fatal error:  Call to undefined function FeedForAll_scripts_readFile() in /Bowie-Dentists/blog.php on line 772
[28-May-2016 15:20:12] PHP Fatal error:  Call to undefined function FeedForAll_scripts_readFile() in /Bowie-Dentists/blog.php on line 772
[28-May-2016 19:41:38] PHP Fatal error:  Call to undefined function FeedForAll_scripts_readFile() in /Bowie-Dentists/blog.php on line 772
[30-May-2016 00:16:03] PHP Fatal error:  Call to undefined function FeedForAll_scripts_readFile() in /Bowie-Dentists/blog.php on line 772
[30-May-2016 05:55:46] PHP Fatal error:  Call to undefined function FeedForAll_scripts_readFile() in /Dentist-Bowie-MD/blog.php on line 772
[31-May-2016 11:24:37] PHP Fatal error:  Call to undefined function FeedForAll_scripts_readFile() in /Bowie-Dentists/blog.php on line 772
[02-Jun-2016 00:11:00] PHP Fatal error:  Call to undefined function FeedForAll_scripts_readFile() in /Dentist-Bowie-MD/blog.php on line 772
[02-Jun-2016 00:11:04] PHP Fatal error:  Call to undefined function FeedForAll_scripts_readFile() in /Bowie-Dentists/blog.php on line 772
[02-Jun-2016 21:07:50] PHP Fatal error:  Call to undefined function FeedForAll_scripts_readFile() in /Dentist-Bowie-MD/blog.php on line 772
[02-Jun-2016 21:07:53] PHP Fatal error:  Call to undefined function FeedForAll_scripts_readFile() in /Bowie-Dentists/blog.php on line 772
[03-Jun-2016 13:22:28] PHP Fatal error:  Call to undefined function FeedForAll_scripts_readFile() in /Bowie-Dentists/blog.php on line 772
[04-Jun-2016 18:20:45] PHP Fatal error:  Call to undefined function FeedForAll_scripts_readFile() in /Dentist-Bowie-MD/blog.php on line 772
[04-Jun-2016 22:38:06] PHP Fatal error:  Call to undefined function FeedForAll_scripts_readFile() in /Dentist-Bowie-MD/blog.php on line 772
[05-Jun-2016 12:22:44] PHP Fatal error:  Call to undefined function FeedForAll_scripts_readFile() in /Bowie-Dentists/blog.php on line 772
[06-Jun-2016 22:17:30] PHP Fatal error:  Call to undefined function FeedForAll_scripts_readFile() in /Bowie-Dentists/blog.php on line 772
[07-Jun-2016 19:42:18] PHP Fatal error:  Call to undefined function FeedForAll_scripts_readFile() in /Bowie-Dentists/blog.php on line 772
[07-Jun-2016 20:09:05] PHP Fatal error:  Call to undefined function FeedForAll_scripts_readFile() in /Bowie-Dentists/blog.php on line 772
[08-Jun-2016 02:44:23] PHP Fatal error:  Call to undefined function FeedForAll_scripts_readFile() in /Bowie-Dentists/blog.php on line 772
[08-Jun-2016 06:19:56] PHP Fatal error:  Call to undefined function FeedForAll_scripts_readFile() in /Bowie-Dentists/blog.php on line 772
[08-Jun-2016 23:36:53] PHP Fatal error:  Call to undefined function FeedForAll_scripts_readFile() in /Bowie-Dentists/blog.php on line 772
[11-Jun-2016 17:34:35] PHP Fatal error:  Call to undefined function FeedForAll_scripts_readFile() in /Dentist-Bowie-MD/blog.php on line 772
[12-Jun-2016 03:25:56] PHP Fatal error:  Call to undefined function FeedForAll_scripts_readFile() in /Bowie-Dentists/blog.php on line 772
[13-Jun-2016 00:41:31] PHP Fatal error:  Call to undefined function FeedForAll_scripts_readFile() in /Dentist-Bowie-MD/blog.php on line 772
[15-Jun-2016 03:54:21] PHP Fatal error:  Call to undefined function FeedForAll_scripts_readFile() in /Dentist-Bowie-MD/blog.php on line 772
[15-Jun-2016 03:54:48] PHP Fatal error:  Call to undefined function FeedForAll_scripts_readFile() in /Bowie-Dentists/blog.php on line 772
[16-Jun-2016 04:11:39] PHP Fatal error:  Call to undefined function FeedForAll_scripts_readFile() in /Bowie-Dentists/blog.php on line 772
[16-Jun-2016 23:13:59] PHP Fatal error:  Call to undefined function FeedForAll_scripts_readFile() in /Dentist-Bowie-MD/blog.php on line 772
[16-Jun-2016 23:14:01] PHP Fatal error:  Call to undefined function FeedForAll_scripts_readFile() in /Bowie-Dentists/blog.php on line 772
[17-Jun-2016 06:56:04] PHP Fatal error:  Call to undefined function FeedForAll_scripts_readFile() in /Bowie-Dentists/blog.php on line 772
[17-Jun-2016 06:56:13] PHP Fatal error:  Call to undefined function FeedForAll_scripts_readFile() in /Dentist-Bowie-MD/blog.php on line 772
[17-Jun-2016 06:57:38] PHP Fatal error:  Call to undefined function FeedForAll_scripts_readFile() in /Dentist-Bowie-MD/blog.php on line 772
[17-Jun-2016 06:57:39] PHP Fatal error:  Call to undefined function FeedForAll_scripts_readFile() in /Bowie-Dentists/blog.php on line 772
[18-Jun-2016 04:16:58] PHP Fatal error:  Call to undefined function FeedForAll_scripts_readFile() in /Bowie-Dentists/blog.php on line 772
[18-Jun-2016 21:11:45] PHP Fatal error:  Call to undefined function FeedForAll_scripts_readFile() in /Bowie-Dentists/blog.php on line 772
[18-Jun-2016 21:11:53] PHP Fatal error:  Call to undefined function FeedForAll_scripts_readFile() in /Dentist-Bowie-MD/blog.php on line 772
[19-Jun-2016 02:05:51] PHP Fatal error:  Call to undefined function FeedForAll_scripts_readFile() in /Bowie-Dentists/blog.php on line 772
[22-Jun-2016 16:59:48] PHP Fatal error:  Call to undefined function FeedForAll_scripts_readFile() in /Bowie-Dentists/blog.php on line 772
[23-Jun-2016 16:07:07] PHP Fatal error:  Call to undefined function FeedForAll_scripts_readFile() in /Dentist-Bowie-MD/blog.php on line 772
[23-Jun-2016 17:32:01] PHP Fatal error:  Call to undefined function FeedForAll_scripts_readFile() in /Dentist-Bowie-MD/blog.php on line 772
[24-Jun-2016 17:37:28] PHP Fatal error:  Call to undefined function FeedForAll_scripts_readFile() in /Bowie-Dentists/blog.php on line 772
[27-Jun-2016 00:10:09] PHP Fatal error:  Call to undefined function FeedForAll_scripts_readFile() in /Dentist-Bowie-MD/blog.php on line 772
[27-Jun-2016 17:53:32] PHP Fatal error:  Call to undefined function FeedForAll_scripts_readFile() in /Bowie-Dentists/blog.php on line 772
[28-Jun-2016 12:33:24] PHP Fatal error:  Call to undefined function FeedForAll_scripts_readFile() in /Bowie-Dentists/blog.php on line 772
[29-Jun-2016 00:40:12] PHP Fatal error:  Call to undefined function FeedForAll_scripts_readFile() in /Bowie-Dentists/blog.php on line 772
[29-Jun-2016 16:06:16] PHP Fatal error:  Call to undefined function FeedForAll_scripts_readFile() in /Bowie-Dentists/blog.php on line 772
[30-Jun-2016 19:23:00] PHP Fatal error:  Call to undefined function FeedForAll_scripts_readFile() in /Dentist-Bowie-MD/blog.php on line 772
[30-Jun-2016 19:23:03] PHP Fatal error:  Call to undefined function FeedForAll_scripts_readFile() in /Bowie-Dentists/blog.php on line 772
[02-Jul-2016 02:23:29] PHP Fatal error:  Call to undefined function FeedForAll_scripts_readFile() in /Dentist-Bowie-MD/blog.php on line 772
[02-Jul-2016 12:54:45] PHP Fatal error:  Call to undefined function FeedForAll_scripts_readFile() in /Bowie-Dentists/blog.php on line 772
[05-Jul-2016 04:52:41] PHP Fatal error:  Call to undefined function FeedForAll_scripts_readFile() in /Dentist-Bowie-MD/blog.php on line 772
[05-Jul-2016 04:55:53] PHP Fatal error:  Call to undefined function FeedForAll_scripts_readFile() in /Bowie-Dentists/blog.php on line 772
[05-Jul-2016 17:06:28] PHP Fatal error:  Call to undefined function FeedForAll_scripts_readFile() in /Bowie-Dentists/blog.php on line 772
[05-Jul-2016 17:06:41] PHP Fatal error:  Call to undefined function FeedForAll_scripts_readFile() in /Dentist-Bowie-MD/blog.php on line 772
[08-Jul-2016 17:06:46] PHP Fatal error:  Call to undefined function FeedForAll_scripts_readFile() in /Bowie-Dentists/blog.php on line 772
[10-Jul-2016 22:06:49] PHP Fatal error:  Call to undefined function FeedForAll_scripts_readFile() in /Bowie-Dentists/blog.php on line 772
[13-Jul-2016 16:51:32] PHP Fatal error:  Call to undefined function FeedForAll_scripts_readFile() in /Bowie-Dentists/blog.php on line 772
[14-Jul-2016 00:34:45] PHP Fatal error:  Call to undefined function FeedForAll_scripts_readFile() in /Dentist-Bowie-MD/blog.php on line 772
[14-Jul-2016 23:56:51] PHP Fatal error:  Call to undefined function FeedForAll_scripts_readFile() in /Dentist-Bowie-MD/blog.php on line 772
[14-Jul-2016 23:56:53] PHP Fatal error:  Call to undefined function FeedForAll_scripts_readFile() in /Bowie-Dentists/blog.php on line 772
[15-Jul-2016 23:06:49] PHP Fatal error:  Call to undefined function FeedForAll_scripts_readFile() in /Bowie-Dentists/blog.php on line 772
[18-Jul-2016 18:09:36] PHP Fatal error:  Call to undefined function FeedForAll_scripts_readFile() in /Dentist-Bowie-MD/blog.php on line 772
[18-Jul-2016 18:31:20] PHP Fatal error:  Call to undefined function FeedForAll_scripts_readFile() in /Bowie-Dentists/blog.php on line 772
[18-Jul-2016 23:38:00] PHP Fatal error:  Call to undefined function FeedForAll_scripts_readFile() in /Bowie-Dentists/blog.php on line 772
[19-Jul-2016 14:08:54] PHP Fatal error:  Call to undefined function FeedForAll_scripts_readFile() in /Bowie-Dentists/blog.php on line 772
[20-Jul-2016 23:26:49] PHP Fatal error:  Call to undefined function FeedForAll_scripts_readFile() in /Dentist-Bowie-MD/blog.php on line 772
[21-Jul-2016 19:42:51] PHP Fatal error:  Call to undefined function FeedForAll_scripts_readFile() in /Bowie-Dentists/blog.php on line 772
[24-Jul-2016 00:12:47] PHP Fatal error:  Call to undefined function FeedForAll_scripts_readFile() in /Bowie-Dentists/blog.php on line 772
[24-Jul-2016 00:12:48] PHP Fatal error:  Call to undefined function FeedForAll_scripts_readFile() in /Dentist-Bowie-MD/blog.php on line 772
[24-Jul-2016 06:40:15] PHP Fatal error:  Call to undefined function FeedForAll_scripts_readFile() in /Dentist-Bowie-MD/blog.php on line 772
[25-Jul-2016 12:16:17] PHP Fatal error:  Call to undefined function FeedForAll_scripts_readFile() in /Dentist-Bowie-MD/blog.php on line 772
[26-Jul-2016 07:16:16] PHP Fatal error:  Call to undefined function FeedForAll_scripts_readFile() in /Dentist-Bowie-MD/blog.php on line 772
[26-Jul-2016 09:06:05] PHP Fatal error:  Call to undefined function FeedForAll_scripts_readFile() in /Bowie-Dentists/blog.php on line 772
[27-Jul-2016 04:21:15] PHP Fatal error:  Call to undefined function FeedForAll_scripts_readFile() in /Dentist-Bowie-MD/blog.php on line 772
[27-Jul-2016 10:47:56] PHP Fatal error:  Call to undefined function FeedForAll_scripts_readFile() in /Dentist-Bowie-MD/blog.php on line 772
[27-Jul-2016 17:27:54] PHP Fatal error:  Call to undefined function FeedForAll_scripts_readFile() in /Dentist-Bowie-MD/blog.php on line 772
[27-Jul-2016 23:46:24] PHP Fatal error:  Call to undefined function FeedForAll_scripts_readFile() in /Dentist-Bowie-MD/blog.php on line 772
[28-Jul-2016 00:28:13] PHP Fatal error:  Call to undefined function FeedForAll_scripts_readFile() in /Dentist-Bowie-MD/blog.php on line 772
[28-Jul-2016 02:56:25] PHP Fatal error:  Call to undefined function FeedForAll_scripts_readFile() in /Dentist-Bowie-MD/blog.php on line 772
[28-Jul-2016 04:33:48] PHP Fatal error:  Call to undefined function FeedForAll_scripts_readFile() in /Dentist-Bowie-MD/blog.php on line 772
[28-Jul-2016 04:34:33] PHP Fatal error:  Call to undefined function FeedForAll_scripts_readFile() in /Bowie-Dentists/blog.php on line 772
[29-Jul-2016 05:16:28] PHP Fatal error:  Call to undefined function FeedForAll_scripts_readFile() in /Dentist-Bowie-MD/blog.php on line 772
[29-Jul-2016 05:16:30] PHP Fatal error:  Call to undefined function FeedForAll_scripts_readFile() in /Bowie-Dentists/blog.php on line 772
[29-Jul-2016 12:12:51] PHP Fatal error:  Call to undefined function FeedForAll_scripts_readFile() in /Bowie-Dentists/blog.php on line 772
[29-Jul-2016 19:03:59] PHP Fatal error:  Call to undefined function FeedForAll_scripts_readFile() in /Dentist-Bowie-MD/blog.php on line 772
[29-Jul-2016 19:04:00] PHP Fatal error:  Call to undefined function FeedForAll_scripts_readFile() in /Bowie-Dentists/blog.php on line 772
[29-Jul-2016 19:06:03] PHP Fatal error:  Call to undefined function FeedForAll_scripts_readFile() in /Dentist-Bowie-MD/blog.php on line 772
[29-Jul-2016 19:07:39] PHP Fatal error:  Call to undefined function FeedForAll_scripts_readFile() in /Bowie-Dentists/blog.php on line 772
[03-Aug-2016 10:04:28] PHP Fatal error:  Call to undefined function FeedForAll_scripts_readFile() in /Dentist-Bowie-MD/blog.php on line 772
[04-Aug-2016 02:32:07] PHP Fatal error:  Call to undefined function FeedForAll_scripts_readFile() in /Dentist-Bowie-MD/blog.php on line 772
[08-Aug-2016 13:08:06] PHP Fatal error:  Call to undefined function FeedForAll_scripts_readFile() in /Bowie-Dentists/blog.php on line 772
[08-Aug-2016 19:03:40] PHP Fatal error:  Call to undefined function FeedForAll_scripts_readFile() in /Dentist-Bowie-MD/blog.php on line 772
[09-Aug-2016 16:16:59] PHP Fatal error:  Call to undefined function FeedForAll_scripts_readFile() in /Bowie-Dentists/blog.php on line 772
[09-Aug-2016 20:13:03] PHP Fatal error:  Call to undefined function FeedForAll_scripts_readFile() in /Bowie-Dentists/blog.php on line 772
[11-Aug-2016 19:39:10] PHP Fatal error:  Call to undefined function FeedForAll_scripts_readFile() in /Dentist-Bowie-MD/blog.php on line 772
[11-Aug-2016 22:32:27] PHP Fatal error:  Call to undefined function FeedForAll_scripts_readFile() in /Dentist-Bowie-MD/blog.php on line 772
[11-Aug-2016 22:32:30] PHP Fatal error:  Call to undefined function FeedForAll_scripts_readFile() in /Bowie-Dentists/blog.php on line 772
[12-Aug-2016 08:34:43] PHP Fatal error:  Call to undefined function FeedForAll_scripts_readFile() in /Dentist-Bowie-MD/blog.php on line 772
[13-Aug-2016 03:54:37] PHP Fatal error:  Call to undefined function FeedForAll_scripts_readFile() in /Dentist-Bowie-MD/blog.php on line 772
[13-Aug-2016 15:27:59] PHP Fatal error:  Call to undefined function FeedForAll_scripts_readFile() in /Bowie-Dentists/blog.php on line 772
[15-Aug-2016 15:36:13] PHP Fatal error:  Call to undefined function FeedForAll_scripts_readFile() in /Bowie-Dentists/blog.php on line 772
[15-Aug-2016 15:36:24] PHP Fatal error:  Call to undefined function FeedForAll_scripts_readFile() in /Bowie-Dentists/blog.php on line 772
[15-Aug-2016 15:36:44] PHP Fatal error:  Call to undefined function FeedForAll_scripts_readFile() in /Bowie-Dentists/blog.php on line 772
[15-Aug-2016 15:37:15] PHP Fatal error:  Call to undefined function FeedForAll_scripts_readFile() in /Bowie-Dentists/blog.php on line 772
[15-Aug-2016 15:37:26] PHP Fatal error:  Call to undefined function FeedForAll_scripts_readFile() in /Bowie-Dentists/blog.php on line 772
[15-Aug-2016 15:37:39] PHP Fatal error:  Call to undefined function FeedForAll_scripts_readFile() in /Bowie-Dentists/blog.php on line 772
[15-Aug-2016 15:37:40] PHP Fatal error:  Call to undefined function FeedForAll_scripts_readFile() in /Dentist-Bowie-MD/blog.php on line 772
[15-Aug-2016 15:37:50] PHP Fatal error:  Call to undefined function FeedForAll_scripts_readFile() in /Dentist-Bowie-MD/blog.php on line 772
[15-Aug-2016 15:38:10] PHP Fatal error:  Call to undefined function FeedForAll_scripts_readFile() in /Dentist-Bowie-MD/blog.php on line 772
[15-Aug-2016 15:38:41] PHP Fatal error:  Call to undefined function FeedForAll_scripts_readFile() in /Dentist-Bowie-MD/blog.php on line 772
[15-Aug-2016 15:38:53] PHP Fatal error:  Call to undefined function FeedForAll_scripts_readFile() in /Dentist-Bowie-MD/blog.php on line 772
[15-Aug-2016 15:39:04] PHP Fatal error:  Call to undefined function FeedForAll_scripts_readFile() in /Dentist-Bowie-MD/blog.php on line 772
[15-Aug-2016 22:01:51] PHP Fatal error:  Call to undefined function FeedForAll_scripts_readFile() in /Bowie-Dentists/blog.php on line 772
[15-Aug-2016 22:02:04] PHP Fatal error:  Call to undefined function FeedForAll_scripts_readFile() in /Dentist-Bowie-MD/blog.php on line 772
[16-Aug-2016 00:01:19] PHP Fatal error:  Call to undefined function FeedForAll_scripts_readFile() in /Bowie-Dentists/blog.php on line 772
[16-Aug-2016 16:24:15] PHP Fatal error:  Call to undefined function FeedForAll_scripts_readFile() in /Dentist-Bowie-MD/blog.php on line 772
[18-Aug-2016 15:47:41] PHP Fatal error:  Call to undefined function FeedForAll_scripts_readFile() in /Bowie-Dentists/blog.php on line 772
[19-Aug-2016 09:36:37] PHP Fatal error:  Call to undefined function FeedForAll_scripts_readFile() in /Dentist-Bowie-MD/blog.php on line 772
[19-Aug-2016 09:36:41] PHP Fatal error:  Call to undefined function FeedForAll_scripts_readFile() in /Bowie-Dentists/blog.php on line 772
[20-Aug-2016 20:15:55] PHP Fatal error:  Call to undefined function FeedForAll_scripts_readFile() in /Bowie-Dentists/blog.php on line 772
[22-Aug-2016 06:06:38] PHP Fatal error:  Call to undefined function FeedForAll_scripts_readFile() in /Dentist-Bowie-MD/blog.php on line 772
[22-Aug-2016 06:08:03] PHP Fatal error:  Call to undefined function FeedForAll_scripts_readFile() in /Bowie-Dentists/blog.php on line 772
[24-Aug-2016 03:59:31] PHP Fatal error:  Call to undefined function FeedForAll_scripts_readFile() in /Dentist-Bowie-MD/blog.php on line 772
[25-Aug-2016 21:27:24] PHP Fatal error:  Call to undefined function FeedForAll_scripts_readFile() in /Dentist-Bowie-MD/blog.php on line 772
[25-Aug-2016 21:27:26] PHP Fatal error:  Call to undefined function FeedForAll_scripts_readFile() in /Bowie-Dentists/blog.php on line 772
[26-Aug-2016 01:47:52] PHP Fatal error:  Call to undefined function FeedForAll_scripts_readFile() in /Dentist-Bowie-MD/blog.php on line 772
[26-Aug-2016 01:49:29] PHP Fatal error:  Call to undefined function FeedForAll_scripts_readFile() in /Bowie-Dentists/blog.php on line 772
[26-Aug-2016 02:00:09] PHP Fatal error:  Call to undefined function FeedForAll_scripts_readFile() in /Bowie-Dentists/blog.php on line 772
[26-Aug-2016 03:26:15] PHP Fatal error:  Call to undefined function FeedForAll_scripts_readFile() in /Bowie-Dentists/blog.php on line 772
[28-Aug-2016 18:28:41] PHP Fatal error:  Call to undefined function FeedForAll_scripts_readFile() in /Bowie-Dentists/blog.php on line 772
[28-Aug-2016 20:57:10] PHP Fatal error:  Call to undefined function FeedForAll_scripts_readFile() in /Bowie-Dentists/blog.php on line 772
[28-Aug-2016 20:57:24] PHP Fatal error:  Call to undefined function FeedForAll_scripts_readFile() in /Dentist-Bowie-MD/blog.php on line 772
[02-Sep-2016 16:16:58] PHP Fatal error:  Call to undefined function FeedForAll_scripts_readFile() in /Dentist-Bowie-MD/blog.php on line 772
[04-Sep-2016 15:56:49] PHP Fatal error:  Call to undefined function FeedForAll_scripts_readFile() in /Dentist-Bowie-MD/blog.php on line 772
[06-Sep-2016 01:42:08] PHP Fatal error:  Call to undefined function FeedForAll_scripts_readFile() in /Bowie-Dentists/blog.php on line 772
[06-Sep-2016 08:14:39] PHP Fatal error:  Call to undefined function FeedForAll_scripts_readFile() in /Dentist-Bowie-MD/blog.php on line 772
[07-Sep-2016 19:18:51] PHP Fatal error:  Call to undefined function FeedForAll_scripts_readFile() in /Bowie-Dentists/blog.php on line 772
[08-Sep-2016 18:01:59] PHP Fatal error:  Call to undefined function FeedForAll_scripts_readFile() in /Dentist-Bowie-MD/blog.php on line 772
[08-Sep-2016 20:12:22] PHP Fatal error:  Call to undefined function FeedForAll_scripts_readFile() in /Dentist-Bowie-MD/blog.php on line 772
[08-Sep-2016 20:12:23] PHP Fatal error:  Call to undefined function FeedForAll_scripts_readFile() in /Bowie-Dentists/blog.php on line 772
[12-Sep-2016 05:59:54] PHP Fatal error:  Call to undefined function FeedForAll_scripts_readFile() in /Dentist-Bowie-MD/blog.php on line 772
[12-Sep-2016 06:00:32] PHP Fatal error:  Call to undefined function FeedForAll_scripts_readFile() in /Bowie-Dentists/blog.php on line 772
[12-Sep-2016 07:35:43] PHP Fatal error:  Call to undefined function FeedForAll_scripts_readFile() in /Bowie-Dentists/blog.php on line 772
[12-Sep-2016 07:35:56] PHP Fatal error:  Call to undefined function FeedForAll_scripts_readFile() in /Dentist-Bowie-MD/blog.php on line 772
[14-Sep-2016 19:44:37] PHP Fatal error:  Call to undefined function FeedForAll_scripts_readFile() in /Dentist-Bowie-MD/blog.php on line 772
[16-Sep-2016 19:29:45] PHP Fatal error:  Call to undefined function FeedForAll_scripts_readFile() in /Dentist-Bowie-MD/blog.php on line 772
[17-Sep-2016 21:11:51] PHP Fatal error:  Call to undefined function FeedForAll_scripts_readFile() in /Bowie-Dentists/blog.php on line 772
[18-Sep-2016 14:16:45] PHP Fatal error:  Call to undefined function FeedForAll_scripts_readFile() in /Bowie-Dentists/blog.php on line 772
[18-Sep-2016 17:36:55] PHP Fatal error:  Call to undefined function FeedForAll_scripts_readFile() in /Dentist-Bowie-MD/blog.php on line 772
[18-Sep-2016 17:36:56] PHP Fatal error:  Call to undefined function FeedForAll_scripts_readFile() in /Dentist-Bowie-MD/blog.php on line 772
[21-Sep-2016 12:05:46] PHP Fatal error:  Call to undefined function FeedForAll_scripts_readFile() in /Dentist-Bowie-MD/blog.php on line 772
[21-Sep-2016 12:05:47] PHP Fatal error:  Call to undefined function FeedForAll_scripts_readFile() in /Dentist-Bowie-MD/blog.php on line 772
[21-Sep-2016 12:05:48] PHP Fatal error:  Call to undefined function FeedForAll_scripts_readFile() in /Dentist-Bowie-MD/blog.php on line 772
[21-Sep-2016 12:05:48] PHP Fatal error:  Call to undefined function FeedForAll_scripts_readFile() in /Dentist-Bowie-MD/blog.php on line 772
[21-Sep-2016 12:05:49] PHP Fatal error:  Call to undefined function FeedForAll_scripts_readFile() in /Bowie-Dentists/blog.php on line 772
[21-Sep-2016 12:05:49] PHP Fatal error:  Call to undefined function FeedForAll_scripts_readFile() in /Bowie-Dentists/blog.php on line 772
[21-Sep-2016 12:05:49] PHP Fatal error:  Call to undefined function FeedForAll_scripts_readFile() in /Dentist-Bowie-MD/blog.php on line 772
[21-Sep-2016 12:05:50] PHP Fatal error:  Call to undefined function FeedForAll_scripts_readFile() in /Dentist-Bowie-MD/blog.php on line 772
[21-Sep-2016 12:05:50] PHP Fatal error:  Call to undefined function FeedForAll_scripts_readFile() in /Bowie-Dentists/blog.php on line 772
[21-Sep-2016 12:05:51] PHP Fatal error:  Call to undefined function FeedForAll_scripts_readFile() in /Bowie-Dentists/blog.php on line 772
[21-Sep-2016 12:05:52] PHP Fatal error:  Call to undefined function FeedForAll_scripts_readFile() in /Bowie-Dentists/blog.php on line 772
[21-Sep-2016 12:05:52] PHP Fatal error:  Call to undefined function FeedForAll_scripts_readFile() in /Bowie-Dentists/blog.php on line 772
[22-Sep-2016 12:02:13] PHP Fatal error:  Call to undefined function FeedForAll_scripts_readFile() in /Bowie-Dentists/blog.php on line 772
[22-Sep-2016 19:55:00] PHP Fatal error:  Call to undefined function FeedForAll_scripts_readFile() in /Dentist-Bowie-MD/blog.php on line 772
[22-Sep-2016 19:55:02] PHP Fatal error:  Call to undefined function FeedForAll_scripts_readFile() in /Bowie-Dentists/blog.php on line 772
[25-Sep-2016 01:11:44] PHP Fatal error:  Call to undefined function FeedForAll_scripts_readFile() in /Dentist-Bowie-MD/blog.php on line 772
[25-Sep-2016 15:13:44] PHP Fatal error:  Call to undefined function FeedForAll_scripts_readFile() in /Dentist-Bowie-MD/blog.php on line 772
[25-Sep-2016 18:12:13] PHP Fatal error:  Call to undefined function FeedForAll_scripts_readFile() in /Bowie-Dentists/blog.php on line 772
[25-Sep-2016 18:12:33] PHP Fatal error:  Call to undefined function FeedForAll_scripts_readFile() in /Dentist-Bowie-MD/blog.php on line 772
[25-Sep-2016 19:42:38] PHP Fatal error:  Call to undefined function FeedForAll_scripts_readFile() in /Bowie-Dentists/blog.php on line 772
[25-Sep-2016 19:42:45] PHP Fatal error:  Call to undefined function FeedForAll_scripts_readFile() in /Dentist-Bowie-MD/blog.php on line 772
[26-Sep-2016 18:40:44] PHP Fatal error:  Call to undefined function FeedForAll_scripts_readFile() in /Dentist-Bowie-MD/blog.php on line 772
[27-Sep-2016 06:19:25] PHP Fatal error:  Call to undefined function FeedForAll_scripts_readFile() in /Bowie-Dentists/blog.php on line 772
[27-Sep-2016 16:00:06] PHP Fatal error:  Call to undefined function FeedForAll_scripts_readFile() in /Dentist-Bowie-MD/blog.php on line 772
[28-Sep-2016 08:40:48] PHP Fatal error:  Call to undefined function FeedForAll_scripts_readFile() in /Bowie-Dentists/blog.php on line 772
[01-Oct-2016 02:09:13] PHP Fatal error:  Call to undefined function FeedForAll_scripts_readFile() in /Bowie-Dentists/blog.php on line 772
[02-Oct-2016 00:08:08] PHP Fatal error:  Call to undefined function FeedForAll_scripts_readFile() in /Dentist-Bowie-MD/blog.php on line 772
[05-Oct-2016 23:41:56] PHP Fatal error:  Call to undefined function FeedForAll_scripts_readFile() in /Dentist-Bowie-MD/blog.php on line 772
[06-Oct-2016 03:46:10] PHP Fatal error:  Call to undefined function FeedForAll_scripts_readFile() in /Dentist-Bowie-MD/blog.php on line 772
[06-Oct-2016 13:28:24] PHP Fatal error:  Call to undefined function FeedForAll_scripts_readFile() in /Dentist-Bowie-MD/blog.php on line 772
[07-Oct-2016 05:35:20] PHP Fatal error:  Call to undefined function FeedForAll_scripts_readFile() in /Dentist-Bowie-MD/blog.php on line 772
[07-Oct-2016 05:35:23] PHP Fatal error:  Call to undefined function FeedForAll_scripts_readFile() in /Bowie-Dentists/blog.php on line 772
[09-Oct-2016 14:32:16] PHP Fatal error:  Call to undefined function FeedForAll_scripts_readFile() in /Dentist-Bowie-MD/blog.php on line 772
[09-Oct-2016 14:32:48] PHP Fatal error:  Call to undefined function FeedForAll_scripts_readFile() in /Bowie-Dentists/blog.php on line 772
[10-Oct-2016 08:04:59] PHP Fatal error:  Call to undefined function FeedForAll_scripts_readFile() in /Dentist-Bowie-MD/blog.php on line 772
[11-Oct-2016 18:09:11] PHP Fatal error:  Call to undefined function FeedForAll_scripts_readFile() in /Dentist-Bowie-MD/blog.php on line 772
[11-Oct-2016 18:42:49] PHP Fatal error:  Call to undefined function FeedForAll_scripts_readFile() in /Bowie-Dentists/blog.php on line 772
[11-Oct-2016 19:49:16] PHP Fatal error:  Call to undefined function FeedForAll_scripts_readFile() in /Bowie-Dentists/blog.php on line 772
[11-Oct-2016 19:51:07] PHP Fatal error:  Call to undefined function FeedForAll_scripts_readFile() in /Dentist-Bowie-MD/blog.php on line 772
[12-Oct-2016 17:10:11] PHP Fatal error:  Call to undefined function FeedForAll_scripts_readFile() in /Dentist-Bowie-MD/blog.php on line 772
[13-Oct-2016 04:41:26] PHP Fatal error:  Call to undefined function FeedForAll_scripts_readFile() in /Dentist-Bowie-MD/blog.php on line 772
[13-Oct-2016 04:42:01] PHP Fatal error:  Call to undefined function FeedForAll_scripts_readFile() in /Bowie-Dentists/blog.php on line 772
[13-Oct-2016 16:32:46] PHP Fatal error:  Call to undefined function FeedForAll_scripts_readFile() in /Bowie-Dentists/blog.php on line 772
[14-Oct-2016 05:53:43] PHP Fatal error:  Call to undefined function FeedForAll_scripts_readFile() in /Dentist-Bowie-MD/blog.php on line 772
[14-Oct-2016 21:15:19] PHP Fatal error:  Call to undefined function FeedForAll_scripts_readFile() in /Dentist-Bowie-MD/blog.php on line 772
[16-Oct-2016 10:58:40] PHP Fatal error:  Call to undefined function FeedForAll_scripts_readFile() in /Bowie-Dentists/blog.php on line 772
[17-Oct-2016 15:10:29] PHP Fatal error:  Call to undefined function FeedForAll_scripts_readFile() in /Bowie-Dentists/blog.php on line 772
[18-Oct-2016 13:11:53] PHP Fatal error:  Call to undefined function FeedForAll_scripts_readFile() in /Dentist-Bowie-MD/blog.php on line 772
[18-Oct-2016 13:12:09] PHP Fatal error:  Call to undefined function FeedForAll_scripts_readFile() in /Bowie-Dentists/blog.php on line 772
[20-Oct-2016 22:02:27] PHP Fatal error:  Call to undefined function FeedForAll_scripts_readFile() in /Dentist-Bowie-MD/blog.php on line 772
[20-Oct-2016 22:02:30] PHP Fatal error:  Call to undefined function FeedForAll_scripts_readFile() in /Bowie-Dentists/blog.php on line 772
[20-Oct-2016 22:47:59] PHP Fatal error:  Call to undefined function FeedForAll_scripts_readFile() in /Dentist-Bowie-MD/blog.php on line 772
[23-Oct-2016 19:04:00] PHP Fatal error:  Call to undefined function FeedForAll_scripts_readFile() in /Bowie-Dentists/blog.php on line 772
[31-Oct-2016 04:02:10] PHP Fatal error:  Call to undefined function FeedForAll_scripts_readFile() in /Bowie-Dentists/blog.php on line 772
[01-Nov-2016 16:10:00] PHP Fatal error:  Call to undefined function FeedForAll_scripts_readFile() in /Dentist-Bowie-MD/blog.php on line 772
[03-Nov-2016 16:08:24] PHP Fatal error:  Call to undefined function FeedForAll_scripts_readFile() in /Dentist-Bowie-MD/blog.php on line 772
[04-Nov-2016 07:21:00] PHP Fatal error:  Call to undefined function FeedForAll_scripts_readFile() in /Dentist-Bowie-MD/blog.php on line 772
[04-Nov-2016 07:21:03] PHP Fatal error:  Call to undefined function FeedForAll_scripts_readFile() in /Bowie-Dentists/blog.php on line 772
[05-Nov-2016 17:47:42] PHP Fatal error:  Call to undefined function FeedForAll_scripts_readFile() in /Dentist-Bowie-MD/blog.php on line 772
[06-Nov-2016 08:40:42] PHP Fatal error:  Call to undefined function FeedForAll_scripts_readFile() in /Bowie-Dentists/blog.php on line 772
[07-Nov-2016 04:46:20] PHP Fatal error:  Call to undefined function FeedForAll_scripts_readFile() in /Dentist-Bowie-MD/blog.php on line 772
[07-Nov-2016 10:37:09] PHP Fatal error:  Call to undefined function FeedForAll_scripts_readFile() in /Dentist-Bowie-MD/blog.php on line 772
[07-Nov-2016 19:20:17] PHP Fatal error:  Call to undefined function FeedForAll_scripts_readFile() in /Dentist-Bowie-MD/blog.php on line 772
[08-Nov-2016 00:24:18] PHP Fatal error:  Call to undefined function FeedForAll_scripts_readFile() in /Dentist-Bowie-MD/blog.php on line 772
[08-Nov-2016 00:38:21] PHP Fatal error:  Call to undefined function FeedForAll_scripts_readFile() in /Bowie-Dentists/blog.php on line 772
[08-Nov-2016 09:03:35] PHP Fatal error:  Call to undefined function FeedForAll_scripts_readFile() in /Bowie-Dentists/blog.php on line 772
[10-Nov-2016 21:12:24] PHP Fatal error:  Call to undefined function FeedForAll_scripts_readFile() in /Dentist-Bowie-MD/blog.php on line 772
[10-Nov-2016 21:12:27] PHP Fatal error:  Call to undefined function FeedForAll_scripts_readFile() in /Bowie-Dentists/blog.php on line 772
[11-Nov-2016 14:59:12] PHP Fatal error:  Call to undefined function FeedForAll_scripts_readFile() in /Bowie-Dentists/blog.php on line 772
[11-Nov-2016 16:07:03] PHP Fatal error:  Call to undefined function FeedForAll_scripts_readFile() in /Dentist-Bowie-MD/blog.php on line 772
[11-Nov-2016 20:11:46] PHP Fatal error:  Call to undefined function FeedForAll_scripts_readFile() in /Dentist-Bowie-MD/blog.php on line 772
[12-Nov-2016 07:08:42] PHP Fatal error:  Call to undefined function FeedForAll_scripts_readFile() in /Bowie-Dentists/blog.php on line 772
[14-Nov-2016 06:54:34] PHP Fatal error:  Call to undefined function FeedForAll_scripts_readFile() in /Dentist-Bowie-MD/blog.php on line 772
[14-Nov-2016 06:55:15] PHP Fatal error:  Call to undefined function FeedForAll_scripts_readFile() in /Bowie-Dentists/blog.php on line 772
[14-Nov-2016 12:51:35] PHP Fatal error:  Call to undefined function FeedForAll_scripts_readFile() in /Dentist-Bowie-MD/blog.php on line 772
[14-Nov-2016 12:53:09] PHP Fatal error:  Call to undefined function FeedForAll_scripts_readFile() in /Bowie-Dentists/blog.php on line 772
[14-Nov-2016 23:04:05] PHP Fatal error:  Call to undefined function FeedForAll_scripts_readFile() in /Bowie-Dentists/blog.php on line 772
[14-Nov-2016 23:07:10] PHP Fatal error:  Call to undefined function FeedForAll_scripts_readFile() in /Dentist-Bowie-MD/blog.php on line 772
[16-Nov-2016 06:27:29] PHP Fatal error:  Call to undefined function FeedForAll_scripts_readFile() in /Dentist-Bowie-MD/blog.php on line 772
[17-Nov-2016 04:32:03] PHP Fatal error:  Call to undefined function FeedForAll_scripts_readFile() in /Bowie-Dentists/blog.php on line 772
[17-Nov-2016 04:35:08] PHP Fatal error:  Call to undefined function FeedForAll_scripts_readFile() in /Dentist-Bowie-MD/blog.php on line 772
[17-Nov-2016 05:33:26] PHP Fatal error:  Call to undefined function FeedForAll_scripts_readFile() in /Dentist-Bowie-MD/blog.php on line 772
[18-Nov-2016 02:12:47] PHP Fatal error:  Call to undefined function FeedForAll_scripts_readFile() in /Bowie-Dentists/blog.php on line 772
[18-Nov-2016 02:12:49] PHP Fatal error:  Call to undefined function FeedForAll_scripts_readFile() in /Bowie-Dentists/blog.php on line 772
[20-Nov-2016 01:46:00] PHP Fatal error:  Call to undefined function FeedForAll_scripts_readFile() in /Dentist-Bowie-MD/blog.php on line 772
[20-Nov-2016 01:46:00] PHP Fatal error:  Call to undefined function FeedForAll_scripts_readFile() in /Bowie-Dentists/blog.php on line 772
[21-Nov-2016 09:47:45] PHP Fatal error:  Call to undefined function FeedForAll_scripts_readFile() in /Dentist-Bowie-MD/blog.php on line 772
[24-Nov-2016 09:33:24] PHP Fatal error:  Call to undefined function FeedForAll_scripts_readFile() in /Dentist-Bowie-MD/blog.php on line 772
[24-Nov-2016 09:33:25] PHP Fatal error:  Call to undefined function FeedForAll_scripts_readFile() in /Dentist-Bowie-MD/blog.php on line 772
[24-Nov-2016 20:45:29] PHP Fatal error:  Call to undefined function FeedForAll_scripts_readFile() in /Bowie-Dentists/blog.php on line 772
[25-Nov-2016 18:18:56] PHP Fatal error:  Call to undefined function FeedForAll_scripts_readFile() in /Dentist-Bowie-MD/blog.php on line 772
[25-Nov-2016 18:18:59] PHP Fatal error:  Call to undefined function FeedForAll_scripts_readFile() in /Bowie-Dentists/blog.php on line 772
[26-Nov-2016 02:01:07] PHP Fatal error:  Call to undefined function FeedForAll_scripts_readFile() in /Dentist-Bowie-MD/blog.php on line 772
[27-Nov-2016 06:57:28] PHP Fatal error:  Call to undefined function FeedForAll_scripts_readFile() in /Bowie-Dentists/blog.php on line 772
[27-Nov-2016 18:28:19] PHP Fatal error:  Call to undefined function FeedForAll_scripts_readFile() in /Dentist-Bowie-MD/blog.php on line 772
